<?xml version="1.0" encoding="UTF-8" ?>
<testsuite failures="0" time="0.545" errors="0" skipped="0" tests="1" name="fr.norsys.formation.locationVelo.service.ClientServiceTest">
  <properties>
    <property name="java.runtime.name" value="Java(TM) SE Runtime Environment"/>
    <property name="sun.boot.library.path" value="C:\Program Files\Java\jdk1.6.0_27\jre\bin"/>
    <property name="java.vm.version" value="20.2-b06"/>
    <property name="java.vm.vendor" value="Sun Microsystems Inc."/>
    <property name="java.vendor.url" value="http://java.sun.com/"/>
    <property name="path.separator" value=";"/>
    <property name="java.vm.name" value="Java HotSpot(TM) Client VM"/>
    <property name="file.encoding.pkg" value="sun.io"/>
    <property name="user.country" value="FR"/>
    <property name="sun.java.launcher" value="SUN_STANDARD"/>
    <property name="sun.os.patch.level" value="Service Pack 3"/>
    <property name="java.vm.specification.name" value="Java Virtual Machine Specification"/>
    <property name="user.dir" value="D:\technoMaker\WorkSpace\Location_velo"/>
    <property name="java.runtime.version" value="1.6.0_27-b07"/>
    <property name="java.awt.graphicsenv" value="sun.awt.Win32GraphicsEnvironment"/>
    <property name="basedir" value="D:\technoMaker\WorkSpace\Location_velo"/>
    <property name="java.endorsed.dirs" value="C:\Program Files\Java\jdk1.6.0_27\jre\lib\endorsed"/>
    <property name="os.arch" value="x86"/>
    <property name="surefire.real.class.path" value="D:\technoMaker\WorkSpace\Location_velo\target\surefire\surefirebooter7662696632913094783.jar"/>
    <property name="java.io.tmpdir" value="C:\DOCUME~1\TECHNO~1\LOCALS~1\Temp\"/>
    <property name="line.separator" value="
"/>
    <property name="java.vm.specification.vendor" value="Sun Microsystems Inc."/>
    <property name="user.variant" value=""/>
    <property name="os.name" value="Windows XP"/>
    <property name="sun.jnu.encoding" value="Cp1252"/>
    <property name="java.library.path" value="C:\Program Files\Java\jdk1.6.0_27\jre\bin;C:\WINDOWS\Sun\Java\bin;C:\WINDOWS\system32;C:\WINDOWS;C:\WINDOWS\system32;C:\WINDOWS;C:\WINDOWS\System32\Wbem;C:\Program Files\Java\jdk1.6.0_27\bin;D:\technoMaker\apache-ant-1.8.2\bin;C:\apache-maven-3.0.3\bin;;."/>
    <property name="surefire.test.class.path" value="D:\technoMaker\WorkSpace\Location_velo\target\test-classes;D:\technoMaker\WorkSpace\Location_velo\target\generated-classes\cobertura;C:\Documents and Settings\technomaker04\.m2\repository\junit\junit\4.9\junit-4.9.jar;C:\Documents and Settings\technomaker04\.m2\repository\org\hamcrest\hamcrest-core\1.1\hamcrest-core-1.1.jar;C:\Documents and Settings\technomaker04\.m2\repository\org\hsqldb\hsqldb-j5\2.2.4\hsqldb-j5-2.2.4.jar;C:\Documents and Settings\technomaker04\.m2\repository\org\mockito\mockito-core\1.9.0-rc1\mockito-core-1.9.0-rc1.jar;C:\Documents and Settings\technomaker04\.m2\repository\org\objenesis\objenesis\1.0\objenesis-1.0.jar;C:\Documents and Settings\technomaker04\.m2\repository\net\sourceforge\cobertura\cobertura\1.9.4.1\cobertura-1.9.4.1.jar;C:\Documents and Settings\technomaker04\.m2\repository\org\apache\ant\ant\1.7.0\ant-1.7.0.jar;C:\Documents and Settings\technomaker04\.m2\repository\org\apache\ant\ant-launcher\1.7.0\ant-launcher-1.7.0.jar;"/>
    <property name="java.specification.name" value="Java Platform API Specification"/>
    <property name="java.class.version" value="50.0"/>
    <property name="sun.management.compiler" value="HotSpot Client Compiler"/>
    <property name="os.version" value="5.1"/>
    <property name="user.home" value="C:\Documents and Settings\technomaker04"/>
    <property name="user.timezone" value=""/>
    <property name="java.awt.printerjob" value="sun.awt.windows.WPrinterJob"/>
    <property name="java.specification.version" value="1.6"/>
    <property name="file.encoding" value="Cp1252"/>
    <property name="user.name" value="technomaker04"/>
    <property name="java.class.path" value="D:\technoMaker\WorkSpace\Location_velo\target\test-classes;D:\technoMaker\WorkSpace\Location_velo\target\generated-classes\cobertura;C:\Documents and Settings\technomaker04\.m2\repository\junit\junit\4.9\junit-4.9.jar;C:\Documents and Settings\technomaker04\.m2\repository\org\hamcrest\hamcrest-core\1.1\hamcrest-core-1.1.jar;C:\Documents and Settings\technomaker04\.m2\repository\org\hsqldb\hsqldb-j5\2.2.4\hsqldb-j5-2.2.4.jar;C:\Documents and Settings\technomaker04\.m2\repository\org\mockito\mockito-core\1.9.0-rc1\mockito-core-1.9.0-rc1.jar;C:\Documents and Settings\technomaker04\.m2\repository\org\objenesis\objenesis\1.0\objenesis-1.0.jar;C:\Documents and Settings\technomaker04\.m2\repository\net\sourceforge\cobertura\cobertura\1.9.4.1\cobertura-1.9.4.1.jar;C:\Documents and Settings\technomaker04\.m2\repository\org\apache\ant\ant\1.7.0\ant-1.7.0.jar;C:\Documents and Settings\technomaker04\.m2\repository\org\apache\ant\ant-launcher\1.7.0\ant-launcher-1.7.0.jar;"/>
    <property name="java.vm.specification.version" value="1.0"/>
    <property name="sun.arch.data.model" value="32"/>
    <property name="java.home" value="C:\Program Files\Java\jdk1.6.0_27\jre"/>
    <property name="sun.java.command" value="D:\technoMaker\WorkSpace\Location_velo\target\surefire\surefirebooter7662696632913094783.jar D:\technoMaker\WorkSpace\Location_velo\target\surefire\surefire6232545147887700760tmp D:\technoMaker\WorkSpace\Location_velo\target\surefire\surefire833122715082697876tmp"/>
    <property name="java.specification.vendor" value="Sun Microsystems Inc."/>
    <property name="user.language" value="fr"/>
    <property name="awt.toolkit" value="sun.awt.windows.WToolkit"/>
    <property name="java.vm.info" value="mixed mode, sharing"/>
    <property name="java.version" value="1.6.0_27"/>
    <property name="java.ext.dirs" value="C:\Program Files\Java\jdk1.6.0_27\jre\lib\ext;C:\WINDOWS\Sun\Java\lib\ext"/>
    <property name="sun.boot.class.path" value="C:\Program Files\Java\jdk1.6.0_27\jre\lib\resources.jar;C:\Program Files\Java\jdk1.6.0_27\jre\lib\rt.jar;C:\Program Files\Java\jdk1.6.0_27\jre\lib\sunrsasign.jar;C:\Program Files\Java\jdk1.6.0_27\jre\lib\jsse.jar;C:\Program Files\Java\jdk1.6.0_27\jre\lib\jce.jar;C:\Program Files\Java\jdk1.6.0_27\jre\lib\charsets.jar;C:\Program Files\Java\jdk1.6.0_27\jre\lib\modules\jdk.boot.jar;C:\Program Files\Java\jdk1.6.0_27\jre\classes"/>
    <property name="java.vendor" value="Sun Microsystems Inc."/>
    <property name="localRepository" value="C:\Documents and Settings\technomaker04\.m2\repository"/>
    <property name="file.separator" value="\"/>
    <property name="java.vendor.url.bug" value="http://java.sun.com/cgi-bin/bugreport.cgi"/>
    <property name="sun.cpu.endian" value="little"/>
    <property name="sun.io.unicode.encoding" value="UnicodeLittle"/>
    <property name="sun.desktop" value="windows"/>
    <property name="sun.cpu.isalist" value=""/>
  </properties>
  <testcase time="0.467" classname="fr.norsys.formation.locationVelo.service.ClientServiceTest" name="rechercherClientAvecId12"/>
</testsuite>